#-----------------------------------------------------------
# xsim v2018.3 (64-bit)
# SW Build 2405991 on Thu Dec  6 23:36:41 MST 2018
# IP Build 2404404 on Fri Dec  7 01:43:56 MST 2018
# Start of session at: Sat Apr 25 23:19:01 2026
# Process ID: 40243
# Current directory: /home/h-zn/Modena/cpu_v0.1_peregrine/sim
# Command line: xsim -log build/sim.log -mode tcl -source {xsim.dir/sim_alu/xsim_script.tcl}
# Log file: /home/h-zn/Modena/cpu_v0.1_peregrine/sim/build/sim.log
# Journal file: /home/h-zn/Modena/cpu_v0.1_peregrine/sim/xsim.jou
#-----------------------------------------------------------
source xsim.dir/sim_alu/xsim_script.tcl
# xsim {sim_alu} -autoloadwcfg -runall
Vivado Simulator 2018.3
Time resolution is 1 ps
run -all
[ALU] Directed tests...
[ALU] Random tests (1000 vectors)...
=================================
ALU ALL TESTS PASSED!
=================================
$finish called at time : 10090 ns : File "/home/h-zn/Modena/cpu_v0.1_peregrine/testbench/module_tb/execute/alu_island_tb.sv" Line 79
exit
INFO: [Common 17-206] Exiting xsim at Sat Apr 25 23:19:11 2026...
